<?xml version="1.0" encoding="UTF-8"?>
<testsuite xmlns:xsi="http://www.w3.org/2001/XMLSchema-instance" xsi:noNamespaceSchemaLocation="https://maven.apache.org/surefire/maven-surefire-plugin/xsd/surefire-test-report-3.0.xsd" version="3.0" name="com.example.MultiplicationTest" time="0.163" tests="2" errors="0" skipped="0" failures="0">
  <properties>
[...]
</properties>
  <testcase name="testMultiplyPositive" classname="com.example.MultiplicationTest" time="0.077"/>
  <testcase name="testMultiplyNegative" classname="com.example.MultiplicationTest" time="0.01"/>
</testsuite>